{"timestamp":"2025-03-28 16:32:30","level":"INFO ","thread_name":"background-preinit","logger":"o.h.validator.internal.util.Version","message":"HV000001: Hibernate Validator 8.0.1.Final"}
{"timestamp":"2025-03-28 16:32:32","level":"INFO ","thread_name":"main","logger":"c.interswitch.users.UsersApplication","message":"Starting UsersApplication v0.0.1-SNAPSHOT using Java 17.0.6 with PID 40856 (C:\user-api\users-0.0.1-SNAPSHOT.jar started by ISW-230504-1263$ in C:\user-api)"}
{"timestamp":"2025-03-28 16:32:32","level":"INFO ","thread_name":"main","logger":"c.interswitch.users.UsersApplication","message":"The following 1 profile is active: "production""}
{"timestamp":"2025-03-28 16:32:55","level":"INFO ","thread_name":"main","logger":"o.s.d.r.c.RepositoryConfigurationDelegate","message":"Multiple Spring Data modules found, entering strict repository configuration mode"}
{"timestamp":"2025-03-28 16:32:55","level":"INFO ","thread_name":"main","logger":"o.s.d.r.c.RepositoryConfigurationDelegate","message":"Bootstrapping Spring Data JDBC repositories in DEFAULT mode."}
{"timestamp":"2025-03-28 16:32:55","level":"INFO ","thread_name":"main","logger":"o.s.d.r.c.RepositoryConfigurationExtensionSupport","message":"Spring Data JDBC - Could not safely identify store assignment for repository candidate interface com.interswitch.users.repository.UserRepository; If you want this repository to be a JDBC repository, consider annotating your entities with one of these annotations: org.springframework.data.relational.core.mapping.Table."}
{"timestamp":"2025-03-28 16:32:55","level":"INFO ","thread_name":"main","logger":"o.s.d.r.c.RepositoryConfigurationDelegate","message":"Finished Spring Data repository scanning in 356 ms. Found 0 JDBC repository interfaces."}
{"timestamp":"2025-03-28 16:32:55","level":"INFO ","thread_name":"main","logger":"o.s.d.r.c.RepositoryConfigurationDelegate","message":"Multiple Spring Data modules found, entering strict repository configuration mode"}
{"timestamp":"2025-03-28 16:32:55","level":"INFO ","thread_name":"main","logger":"o.s.d.r.c.RepositoryConfigurationDelegate","message":"Bootstrapping Spring Data JPA repositories in DEFAULT mode."}
{"timestamp":"2025-03-28 16:32:56","level":"INFO ","thread_name":"main","logger":"o.s.d.r.c.RepositoryConfigurationDelegate","message":"Finished Spring Data repository scanning in 563 ms. Found 1 JPA repository interface."}
{"timestamp":"2025-03-28 16:33:05","level":"INFO ","thread_name":"main","logger":"o.s.b.w.e.tomcat.TomcatWebServer","message":"Tomcat initialized with port 8081 (http)"}
{"timestamp":"2025-03-28 16:33:05","level":"INFO ","thread_name":"main","logger":"o.a.coyote.http11.Http11NioProtocol","message":"Initializing ProtocolHandler ["http-nio-8081"]"}
{"timestamp":"2025-03-28 16:33:05","level":"INFO ","thread_name":"main","logger":"o.a.catalina.core.StandardService","message":"Starting service [Tomcat]"}
{"timestamp":"2025-03-28 16:33:05","level":"INFO ","thread_name":"main","logger":"o.a.catalina.core.StandardEngine","message":"Starting Servlet engine: [Apache Tomcat/10.1.24]"}
{"timestamp":"2025-03-28 16:33:05","level":"INFO ","thread_name":"main","logger":"o.a.c.c.C.[Tomcat].[localhost].[/]","message":"Initializing Spring embedded WebApplicationContext"}
{"timestamp":"2025-03-28 16:33:05","level":"INFO ","thread_name":"main","logger":"o.s.b.w.s.c.ServletWebServerApplicationContext","message":"Root WebApplicationContext: initialization completed in 32239 ms"}
{"timestamp":"2025-03-28 16:33:09","level":"INFO ","thread_name":"main","logger":"o.h.jpa.internal.util.LogHelper","message":"HHH000204: Processing PersistenceUnitInfo [name: default]"}
{"timestamp":"2025-03-28 16:33:10","level":"INFO ","thread_name":"main","logger":"org.hibernate.Version","message":"HHH000412: Hibernate ORM core version 6.5.2.Final"}
{"timestamp":"2025-03-28 16:33:11","level":"INFO ","thread_name":"main","logger":"o.h.c.i.RegionFactoryInitiator","message":"HHH000026: Second-level cache disabled"}
{"timestamp":"2025-03-28 16:33:17","level":"INFO ","thread_name":"main","logger":"o.s.o.j.p.SpringPersistenceUnitInfo","message":"No LoadTimeWeaver setup: ignoring JPA class transformer"}
{"timestamp":"2025-03-28 16:33:18","level":"INFO ","thread_name":"main","logger":"com.zaxxer.hikari.HikariDataSource","message":"HikariPool-1 - Starting..."}
{"timestamp":"2025-03-28 16:33:24","level":"INFO ","thread_name":"main","logger":"com.zaxxer.hikari.pool.HikariPool","message":"HikariPool-1 - Added connection com.mysql.cj.jdbc.ConnectionImpl@1f1fbc9f"}
{"timestamp":"2025-03-28 16:33:24","level":"INFO ","thread_name":"main","logger":"com.zaxxer.hikari.HikariDataSource","message":"HikariPool-1 - Start completed."}
{"timestamp":"2025-03-28 16:33:24","level":"WARN ","thread_name":"main","logger":"org.hibernate.orm.deprecation","message":"HHH90000025: MySQL8Dialect does not need to be specified explicitly using 'hibernate.dialect' (remove the property setting and it will be selected by default)"}
{"timestamp":"2025-03-28 16:33:24","level":"WARN ","thread_name":"main","logger":"org.hibernate.orm.deprecation","message":"HHH90000026: MySQL8Dialect has been deprecated; use org.hibernate.dialect.MySQLDialect instead"}
{"timestamp":"2025-03-28 16:33:33","level":"INFO ","thread_name":"main","logger":"o.h.e.t.j.p.i.JtaPlatformInitiator","message":"HHH000489: No JTA platform available (set 'hibernate.transaction.jta.platform' to enable JTA platform integration)"}
{"timestamp":"2025-03-28 16:33:33","level":"INFO ","thread_name":"main","logger":"o.s.o.j.LocalContainerEntityManagerFactoryBean","message":"Initialized JPA EntityManagerFactory for persistence unit 'default'"}
{"timestamp":"2025-03-28 16:33:34","level":"DEBUG","thread_name":"main","logger":"o.s.d.j.repository.query.NamedQuery","message":"Looking up named query User.findByUsername"}
{"timestamp":"2025-03-28 16:33:34","level":"DEBUG","thread_name":"main","logger":"o.s.d.j.repository.query.NamedQuery","message":"Did not find named query User.findByUsername"}
{"timestamp":"2025-03-28 16:33:35","level":"DEBUG","thread_name":"main","logger":"o.s.d.j.repository.query.NamedQuery","message":"Looking up named query User.existsByUsername"}
{"timestamp":"2025-03-28 16:33:35","level":"DEBUG","thread_name":"main","logger":"o.s.d.j.repository.query.NamedQuery","message":"Did not find named query User.existsByUsername"}
{"timestamp":"2025-03-28 16:33:35","level":"DEBUG","thread_name":"main","logger":"o.s.d.j.repository.query.NamedQuery","message":"Looking up named query User.existsByEmail"}
{"timestamp":"2025-03-28 16:33:35","level":"DEBUG","thread_name":"main","logger":"o.s.d.j.repository.query.NamedQuery","message":"Did not find named query User.existsByEmail"}
{"timestamp":"2025-03-28 16:33:35","level":"DEBUG","thread_name":"main","logger":"o.s.d.j.repository.query.NamedQuery","message":"Looking up named query User.findByEmail"}
{"timestamp":"2025-03-28 16:33:35","level":"DEBUG","thread_name":"main","logger":"o.s.d.j.repository.query.NamedQuery","message":"Did not find named query User.findByEmail"}
{"timestamp":"2025-03-28 16:33:41","level":"INFO ","thread_name":"main","logger":"o.a.coyote.http11.Http11NioProtocol","message":"Starting ProtocolHandler ["http-nio-8081"]"}
{"timestamp":"2025-03-28 16:33:41","level":"INFO ","thread_name":"main","logger":"o.s.b.w.e.tomcat.TomcatWebServer","message":"Tomcat started on port 8081 (http) with context path '/'"}
{"timestamp":"2025-03-28 16:33:41","level":"INFO ","thread_name":"main","logger":"c.interswitch.users.UsersApplication","message":"Started UsersApplication in 88.398 seconds (process running for 107.35)"}
{"timestamp":"2025-03-28 16:35:20","level":"INFO ","thread_name":"http-nio-8081-exec-2","logger":"o.a.c.c.C.[Tomcat].[localhost].[/]","message":"Initializing Spring DispatcherServlet 'dispatcherServlet'"}
{"timestamp":"2025-03-28 16:35:22","level":"INFO ","thread_name":"http-nio-8081-exec-9","logger":"o.s.api.AbstractOpenApiResource","message":"Init duration for springdoc-openapi is: 1171 ms"}
{"timestamp":"2025-03-28 16:36:30","level":"INFO ","thread_name":"AsynchThread-1","logger":"c.i.users.service.UserService","message":"[ASYNC] Fetching all users - Page: 0, Size: 10"}
{"timestamp":"2025-03-28 16:36:31","level":"INFO ","thread_name":"AsynchThread-1","logger":"c.i.users.service.UserService","message":"[ASYNC] Found 6 users"}
{"timestamp":"2025-03-28 16:40:11","level":"INFO ","thread_name":"AsynchThread-2","logger":"c.i.users.service.UserService","message":"[ASYNC] Creating user: Tolani"}
{"timestamp":"2025-03-28 16:40:11","level":"INFO ","thread_name":"AsynchThread-2","logger":"c.i.users.service.UserService","message":"[ASYNC] User created successfully: Tolani"}
{"timestamp":"2025-03-28 16:42:53","level":"INFO ","thread_name":"AsynchThread-3","logger":"c.i.users.service.UserService","message":"[ASYNC] Fetching user with username: Tolani"}
{"timestamp":"2025-03-28 16:43:56","level":"INFO ","thread_name":"AsynchThread-4","logger":"c.i.users.service.UserService","message":"[ASYNC] Fetching user with username: Tolani"}
{"timestamp":"2025-03-28 16:45:47","level":"INFO ","thread_name":"AsynchThread-5","logger":"c.i.users.service.UserService","message":"[ASYNC] Fetching user with username: Tolan"}
{"timestamp":"2025-03-28 16:45:47","level":"WARN ","thread_name":"AsynchThread-5","logger":"c.i.users.service.UserService","message":"[ASYNC] User not found: Tolan"}
{"timestamp":"2025-03-28 16:45:47","level":"ERROR","thread_name":"http-nio-8081-exec-8","logger":"o.a.c.c.C.[.[.[.[dispatcherServlet]","message":"Servlet.service() for servlet [dispatcherServlet] in context with path [] threw exception [Request processing failed: java.util.concurrent.ExecutionException: java.lang.RuntimeException: User not found] with root cause"}
java.lang.RuntimeException: User not found
	at com.interswitch.users.service.UserService.getUserByUsername(UserService.java:42)
	at java.base/jdk.internal.reflect.NativeMethodAccessorImpl.invoke0(Native Method)
	at java.base/jdk.internal.reflect.NativeMethodAccessorImpl.invoke(NativeMethodAccessorImpl.java:77)
	at java.base/jdk.internal.reflect.DelegatingMethodAccessorImpl.invoke(DelegatingMethodAccessorImpl.java:43)
	at java.base/java.lang.reflect.Method.invoke(Method.java:568)
	at org.springframework.aop.support.AopUtils.invokeJoinpointUsingReflection(AopUtils.java:354)
	at org.springframework.aop.framework.ReflectiveMethodInvocation.invokeJoinpoint(ReflectiveMethodInvocation.java:196)
	at org.springframework.aop.framework.ReflectiveMethodInvocation.proceed(ReflectiveMethodInvocation.java:163)
	at org.springframework.aop.framework.CglibAopProxy$CglibMethodInvocation.proceed(CglibAopProxy.java:768)
	at org.springframework.aop.interceptor.AsyncExecutionInterceptor.lambda$invoke$0(AsyncExecutionInterceptor.java:113)
	at org.springframework.util.concurrent.FutureUtils.lambda$toSupplier$0(FutureUtils.java:74)
	at java.base/java.util.concurrent.CompletableFuture$AsyncSupply.run(CompletableFuture.java:1768)
	at java.base/java.util.concurrent.ThreadPoolExecutor.runWorker(ThreadPoolExecutor.java:1136)
	at java.base/java.util.concurrent.ThreadPoolExecutor$Worker.run(ThreadPoolExecutor.java:635)
	at java.base/java.lang.Thread.run(Thread.java:833)
{"timestamp":"2025-03-28 16:50:35","level":"INFO ","thread_name":"AsynchThread-6","logger":"c.i.users.service.UserService","message":"[ASYNC] Fetching all users - Page: 0, Size: 10"}
{"timestamp":"2025-03-28 16:50:35","level":"INFO ","thread_name":"AsynchThread-6","logger":"c.i.users.service.UserService","message":"[ASYNC] Found 7 users"}
{"timestamp":"2025-03-28 16:51:25","level":"INFO ","thread_name":"AsynchThread-7","logger":"c.i.users.service.UserService","message":"[ASYNC] Creating user: string"}
{"timestamp":"2025-03-28 16:51:25","level":"ERROR","thread_name":"http-nio-8081-exec-2","logger":"o.a.c.c.C.[.[.[.[dispatcherServlet]","message":"Servlet.service() for servlet [dispatcherServlet] in context with path [] threw exception [Request processing failed: java.util.concurrent.ExecutionException: jakarta.validation.ConstraintViolationException: Validation failed for classes [com.interswitch.users.model.User] during persist time for groups [jakarta.validation.groups.Default, ]
List of constraint violations:[
	ConstraintViolationImpl{interpolatedMessage='Invalid email address', propertyPath=email, rootBeanClass=class com.interswitch.users.model.User, messageTemplate='Invalid email address'}
]] with root cause"}
jakarta.validation.ConstraintViolationException: Validation failed for classes [com.interswitch.users.model.User] during persist time for groups [jakarta.validation.groups.Default, ]
List of constraint violations:[
	ConstraintViolationImpl{interpolatedMessage='Invalid email address', propertyPath=email, rootBeanClass=class com.interswitch.users.model.User, messageTemplate='Invalid email address'}
]
	at org.hibernate.boot.beanvalidation.BeanValidationEventListener.validate(BeanValidationEventListener.java:151)
	at org.hibernate.boot.beanvalidation.BeanValidationEventListener.onPreInsert(BeanValidationEventListener.java:81)
	at org.hibernate.action.internal.EntityIdentityInsertAction.preInsert(EntityIdentityInsertAction.java:201)
	at org.hibernate.action.internal.EntityIdentityInsertAction.execute(EntityIdentityInsertAction.java:79)
	at org.hibernate.engine.spi.ActionQueue.execute(ActionQueue.java:670)
	at org.hibernate.engine.spi.ActionQueue.addResolvedEntityInsertAction(ActionQueue.java:291)
	at org.hibernate.engine.spi.ActionQueue.addInsertAction(ActionQueue.java:272)
	at org.hibernate.engine.spi.ActionQueue.addAction(ActionQueue.java:322)
	at org.hibernate.event.internal.AbstractSaveEventListener.addInsertAction(AbstractSaveEventListener.java:391)
	at org.hibernate.event.internal.AbstractSaveEventListener.performSaveOrReplicate(AbstractSaveEventListener.java:305)
	at org.hibernate.event.internal.AbstractSaveEventListener.performSave(AbstractSaveEventListener.java:224)
	at org.hibernate.event.internal.AbstractSaveEventListener.saveWithGeneratedId(AbstractSaveEventListener.java:137)
	at org.hibernate.event.internal.DefaultMergeEventListener.saveTransientEntity(DefaultMergeEventListener.java:379)
	at org.hibernate.event.internal.DefaultMergeEventListener.entityIsTransient(DefaultMergeEventListener.java:299)
	at org.hibernate.event.internal.DefaultMergeEventListener.entityIsDetached(DefaultMergeEventListener.java:419)
	at org.hibernate.event.internal.DefaultMergeEventListener.merge(DefaultMergeEventListener.java:210)
	at org.hibernate.event.internal.DefaultMergeEventListener.doMerge(DefaultMergeEventListener.java:148)
	at org.hibernate.event.internal.DefaultMergeEventListener.onMerge(DefaultMergeEventListener.java:132)
	at org.hibernate.event.internal.DefaultMergeEventListener.onMerge(DefaultMergeEventListener.java:86)
	at org.hibernate.event.service.internal.EventListenerGroupImpl.fireEventOnEachListener(EventListenerGroupImpl.java:127)
	at org.hibernate.internal.SessionImpl.fireMerge(SessionImpl.java:850)
	at org.hibernate.internal.SessionImpl.merge(SessionImpl.java:836)
	at java.base/jdk.internal.reflect.NativeMethodAccessorImpl.invoke0(Native Method)
	at java.base/jdk.internal.reflect.NativeMethodAccessorImpl.invoke(NativeMethodAccessorImpl.java:77)
	at java.base/jdk.internal.reflect.DelegatingMethodAccessorImpl.invoke(DelegatingMethodAccessorImpl.java:43)
	at java.base/java.lang.reflect.Method.invoke(Method.java:568)
	at org.springframework.orm.jpa.SharedEntityManagerCreator$SharedEntityManagerInvocationHandler.invoke(SharedEntityManagerCreator.java:319)
	at jdk.proxy2/jdk.proxy2.$Proxy127.merge(Unknown Source)
	at org.springframework.data.jpa.repository.support.SimpleJpaRepository.save(SimpleJpaRepository.java:631)
	at java.base/jdk.internal.reflect.NativeMethodAccessorImpl.invoke0(Native Method)
	at java.base/jdk.internal.reflect.NativeMethodAccessorImpl.invoke(NativeMethodAccessorImpl.java:77)
	at java.base/jdk.internal.reflect.DelegatingMethodAccessorImpl.invoke(DelegatingMethodAccessorImpl.java:43)
	at java.base/java.lang.reflect.Method.invoke(Method.java:568)
	at org.springframework.aop.support.AopUtils.invokeJoinpointUsingReflection(AopUtils.java:354)
	at org.springframework.data.repository.core.support.RepositoryMethodInvoker$RepositoryFragmentMethodInvoker.lambda$new$0(RepositoryMethodInvoker.java:277)
	at org.springframework.data.repository.core.support.RepositoryMethodInvoker.doInvoke(RepositoryMethodInvoker.java:170)
	at org.springframework.data.repository.core.support.RepositoryMethodInvoker.invoke(RepositoryMethodInvoker.java:158)
	at org.springframework.data.repository.core.support.RepositoryComposition$RepositoryFragments.invoke(RepositoryComposition.java:516)
	at org.springframework.data.repository.core.support.RepositoryComposition.invoke(RepositoryComposition.java:285)
	at org.springframework.data.repository.core.support.RepositoryFactorySupport$ImplementationMethodExecutionInterceptor.invoke(RepositoryFactorySupport.java:628)
	at org.springframework.aop.framework.ReflectiveMethodInvocation.proceed(ReflectiveMethodInvocation.java:184)
	at org.springframework.data.repository.core.support.QueryExecutorMethodInterceptor.doInvoke(QueryExecutorMethodInterceptor.java:168)
	at org.springframework.data.repository.core.support.QueryExecutorMethodInterceptor.invoke(QueryExecutorMethodInterceptor.java:143)
	at org.springframework.aop.framework.ReflectiveMethodInvocation.proceed(ReflectiveMethodInvocation.java:184)
	at org.springframework.data.projection.DefaultMethodInvokingMethodInterceptor.invoke(DefaultMethodInvokingMethodInterceptor.java:70)
	at org.springframework.aop.framework.ReflectiveMethodInvocation.proceed(ReflectiveMethodInvocation.java:184)
	at org.springframework.transaction.interceptor.TransactionInterceptor$1.proceedWithInvocation(TransactionInterceptor.java:123)
	at org.springframework.transaction.interceptor.TransactionAspectSupport.invokeWithinTransaction(TransactionAspectSupport.java:392)
	at org.springframework.transaction.interceptor.TransactionInterceptor.invoke(TransactionInterceptor.java:119)
	at org.springframework.aop.framework.ReflectiveMethodInvocation.proceed(ReflectiveMethodInvocation.java:184)
	at org.springframework.dao.support.PersistenceExceptionTranslationInterceptor.invoke(PersistenceExceptionTranslationInterceptor.java:137)
	at org.springframework.aop.framework.ReflectiveMethodInvocation.proceed(ReflectiveMethodInvocation.java:184)
	at org.springframework.data.jpa.repository.support.CrudMethodMetadataPostProcessor$CrudMethodMetadataPopulatingMethodInterceptor.invoke(CrudMethodMetadataPostProcessor.java:165)
	at org.springframework.aop.framework.ReflectiveMethodInvocation.proceed(ReflectiveMethodInvocation.java:184)
	at org.springframework.aop.interceptor.ExposeInvocationInterceptor.invoke(ExposeInvocationInterceptor.java:97)
	at org.springframework.aop.framework.ReflectiveMethodInvocation.proceed(ReflectiveMethodInvocation.java:184)
	at org.springframework.aop.framework.JdkDynamicAopProxy.invoke(JdkDynamicAopProxy.java:223)
	at jdk.proxy2/jdk.proxy2.$Proxy131.save(Unknown Source)
	at com.interswitch.users.service.UserService.createUser(UserService.java:30)
	at java.base/jdk.internal.reflect.NativeMethodAccessorImpl.invoke0(Native Method)
	at java.base/jdk.internal.reflect.NativeMethodAccessorImpl.invoke(NativeMethodAccessorImpl.java:77)
	at java.base/jdk.internal.reflect.DelegatingMethodAccessorImpl.invoke(DelegatingMethodAccessorImpl.java:43)
	at java.base/java.lang.reflect.Method.invoke(Method.java:568)
	at org.springframework.aop.support.AopUtils.invokeJoinpointUsingReflection(AopUtils.java:354)
	at org.springframework.aop.framework.ReflectiveMethodInvocation.invokeJoinpoint(ReflectiveMethodInvocation.java:196)
	at org.springframework.aop.framework.ReflectiveMethodInvocation.proceed(ReflectiveMethodInvocation.java:163)
	at org.springframework.aop.framework.CglibAopProxy$CglibMethodInvocation.proceed(CglibAopProxy.java:768)
	at org.springframework.aop.interceptor.AsyncExecutionInterceptor.lambda$invoke$0(AsyncExecutionInterceptor.java:113)
	at org.springframework.util.concurrent.FutureUtils.lambda$toSupplier$0(FutureUtils.java:74)
	at java.base/java.util.concurrent.CompletableFuture$AsyncSupply.run(CompletableFuture.java:1768)
	at java.base/java.util.concurrent.ThreadPoolExecutor.runWorker(ThreadPoolExecutor.java:1136)
	at java.base/java.util.concurrent.ThreadPoolExecutor$Worker.run(ThreadPoolExecutor.java:635)
	at java.base/java.lang.Thread.run(Thread.java:833)
{"timestamp":"2025-03-28 20:03:13","level":"INFO ","thread_name":"background-preinit","logger":"o.h.validator.internal.util.Version","message":"HV000001: Hibernate Validator 8.0.1.Final"}
{"timestamp":"2025-03-28 20:03:13","level":"INFO ","thread_name":"main","logger":"c.interswitch.users.UsersApplication","message":"Starting UsersApplication v0.0.1-SNAPSHOT using Java 17.0.6 with PID 17728 (C:\user-api\users-0.0.1-SNAPSHOT.jar started by ISW-230504-1263$ in C:\user-api)"}
{"timestamp":"2025-03-28 20:03:13","level":"INFO ","thread_name":"main","logger":"c.interswitch.users.UsersApplication","message":"The following 1 profile is active: "production""}
{"timestamp":"2025-03-28 20:03:18","level":"INFO ","thread_name":"main","logger":"o.s.d.r.c.RepositoryConfigurationDelegate","message":"Multiple Spring Data modules found, entering strict repository configuration mode"}
{"timestamp":"2025-03-28 20:03:18","level":"INFO ","thread_name":"main","logger":"o.s.d.r.c.RepositoryConfigurationDelegate","message":"Bootstrapping Spring Data JDBC repositories in DEFAULT mode."}
{"timestamp":"2025-03-28 20:03:18","level":"INFO ","thread_name":"main","logger":"o.s.d.r.c.RepositoryConfigurationExtensionSupport","message":"Spring Data JDBC - Could not safely identify store assignment for repository candidate interface com.interswitch.users.repository.UserRepository; If you want this repository to be a JDBC repository, consider annotating your entities with one of these annotations: org.springframework.data.relational.core.mapping.Table."}
{"timestamp":"2025-03-28 20:03:18","level":"INFO ","thread_name":"main","logger":"o.s.d.r.c.RepositoryConfigurationDelegate","message":"Finished Spring Data repository scanning in 105 ms. Found 0 JDBC repository interfaces."}
{"timestamp":"2025-03-28 20:03:18","level":"INFO ","thread_name":"main","logger":"o.s.d.r.c.RepositoryConfigurationDelegate","message":"Multiple Spring Data modules found, entering strict repository configuration mode"}
{"timestamp":"2025-03-28 20:03:18","level":"INFO ","thread_name":"main","logger":"o.s.d.r.c.RepositoryConfigurationDelegate","message":"Bootstrapping Spring Data JPA repositories in DEFAULT mode."}
{"timestamp":"2025-03-28 20:03:18","level":"INFO ","thread_name":"main","logger":"o.s.d.r.c.RepositoryConfigurationDelegate","message":"Finished Spring Data repository scanning in 85 ms. Found 1 JPA repository interface."}
{"timestamp":"2025-03-28 20:03:21","level":"INFO ","thread_name":"main","logger":"o.s.b.w.e.tomcat.TomcatWebServer","message":"Tomcat initialized with port 8081 (http)"}
{"timestamp":"2025-03-28 20:03:21","level":"INFO ","thread_name":"main","logger":"o.a.coyote.http11.Http11NioProtocol","message":"Initializing ProtocolHandler ["http-nio-8081"]"}
{"timestamp":"2025-03-28 20:03:21","level":"INFO ","thread_name":"main","logger":"o.a.catalina.core.StandardService","message":"Starting service [Tomcat]"}
{"timestamp":"2025-03-28 20:03:21","level":"INFO ","thread_name":"main","logger":"o.a.catalina.core.StandardEngine","message":"Starting Servlet engine: [Apache Tomcat/10.1.24]"}
{"timestamp":"2025-03-28 20:03:22","level":"INFO ","thread_name":"main","logger":"o.a.c.c.C.[Tomcat].[localhost].[/]","message":"Initializing Spring embedded WebApplicationContext"}
{"timestamp":"2025-03-28 20:03:22","level":"INFO ","thread_name":"main","logger":"o.s.b.w.s.c.ServletWebServerApplicationContext","message":"Root WebApplicationContext: initialization completed in 8170 ms"}
{"timestamp":"2025-03-28 20:03:23","level":"INFO ","thread_name":"main","logger":"o.h.jpa.internal.util.LogHelper","message":"HHH000204: Processing PersistenceUnitInfo [name: default]"}
{"timestamp":"2025-03-28 20:03:23","level":"INFO ","thread_name":"main","logger":"org.hibernate.Version","message":"HHH000412: Hibernate ORM core version 6.5.2.Final"}
{"timestamp":"2025-03-28 20:03:23","level":"INFO ","thread_name":"main","logger":"o.h.c.i.RegionFactoryInitiator","message":"HHH000026: Second-level cache disabled"}
{"timestamp":"2025-03-28 20:03:25","level":"INFO ","thread_name":"main","logger":"o.s.o.j.p.SpringPersistenceUnitInfo","message":"No LoadTimeWeaver setup: ignoring JPA class transformer"}
{"timestamp":"2025-03-28 20:03:25","level":"INFO ","thread_name":"main","logger":"com.zaxxer.hikari.HikariDataSource","message":"HikariPool-1 - Starting..."}
{"timestamp":"2025-03-28 20:03:26","level":"INFO ","thread_name":"main","logger":"com.zaxxer.hikari.pool.HikariPool","message":"HikariPool-1 - Added connection com.mysql.cj.jdbc.ConnectionImpl@1f1fbc9f"}
{"timestamp":"2025-03-28 20:03:26","level":"INFO ","thread_name":"main","logger":"com.zaxxer.hikari.HikariDataSource","message":"HikariPool-1 - Start completed."}
{"timestamp":"2025-03-28 20:03:26","level":"WARN ","thread_name":"main","logger":"org.hibernate.orm.deprecation","message":"HHH90000025: MySQL8Dialect does not need to be specified explicitly using 'hibernate.dialect' (remove the property setting and it will be selected by default)"}
{"timestamp":"2025-03-28 20:03:26","level":"WARN ","thread_name":"main","logger":"org.hibernate.orm.deprecation","message":"HHH90000026: MySQL8Dialect has been deprecated; use org.hibernate.dialect.MySQLDialect instead"}
{"timestamp":"2025-03-28 20:03:30","level":"INFO ","thread_name":"main","logger":"o.h.e.t.j.p.i.JtaPlatformInitiator","message":"HHH000489: No JTA platform available (set 'hibernate.transaction.jta.platform' to enable JTA platform integration)"}
{"timestamp":"2025-03-28 20:03:30","level":"INFO ","thread_name":"main","logger":"o.s.o.j.LocalContainerEntityManagerFactoryBean","message":"Initialized JPA EntityManagerFactory for persistence unit 'default'"}
{"timestamp":"2025-03-28 20:03:31","level":"DEBUG","thread_name":"main","logger":"o.s.d.j.repository.query.NamedQuery","message":"Looking up named query User.findByUsername"}
{"timestamp":"2025-03-28 20:03:31","level":"DEBUG","thread_name":"main","logger":"o.s.d.j.repository.query.NamedQuery","message":"Did not find named query User.findByUsername"}
{"timestamp":"2025-03-28 20:03:31","level":"DEBUG","thread_name":"main","logger":"o.s.d.j.repository.query.NamedQuery","message":"Looking up named query User.findByEmail"}
{"timestamp":"2025-03-28 20:03:31","level":"DEBUG","thread_name":"main","logger":"o.s.d.j.repository.query.NamedQuery","message":"Did not find named query User.findByEmail"}
{"timestamp":"2025-03-28 20:03:31","level":"DEBUG","thread_name":"main","logger":"o.s.d.j.repository.query.NamedQuery","message":"Looking up named query User.existsByUsername"}
{"timestamp":"2025-03-28 20:03:31","level":"DEBUG","thread_name":"main","logger":"o.s.d.j.repository.query.NamedQuery","message":"Did not find named query User.existsByUsername"}
{"timestamp":"2025-03-28 20:03:31","level":"DEBUG","thread_name":"main","logger":"o.s.d.j.repository.query.NamedQuery","message":"Looking up named query User.existsByEmail"}
{"timestamp":"2025-03-28 20:03:31","level":"DEBUG","thread_name":"main","logger":"o.s.d.j.repository.query.NamedQuery","message":"Did not find named query User.existsByEmail"}
{"timestamp":"2025-03-28 20:03:34","level":"INFO ","thread_name":"main","logger":"o.a.coyote.http11.Http11NioProtocol","message":"Starting ProtocolHandler ["http-nio-8081"]"}
{"timestamp":"2025-03-28 20:03:34","level":"WARN ","thread_name":"main","logger":"o.s.b.w.s.c.AnnotationConfigServletWebServerApplicationContext","message":"Exception encountered during context initialization - cancelling refresh attempt: org.springframework.context.ApplicationContextException: Failed to start bean 'webServerStartStop'"}
{"timestamp":"2025-03-28 20:03:35","level":"INFO ","thread_name":"main","logger":"o.s.o.j.LocalContainerEntityManagerFactoryBean","message":"Closing JPA EntityManagerFactory for persistence unit 'default'"}
{"timestamp":"2025-03-28 20:03:35","level":"INFO ","thread_name":"main","logger":"com.zaxxer.hikari.HikariDataSource","message":"HikariPool-1 - Shutdown initiated..."}
{"timestamp":"2025-03-28 20:03:35","level":"INFO ","thread_name":"main","logger":"com.zaxxer.hikari.HikariDataSource","message":"HikariPool-1 - Shutdown completed."}
{"timestamp":"2025-03-28 20:03:35","level":"INFO ","thread_name":"main","logger":"o.s.b.a.l.ConditionEvaluationReportLogger","message":"

Error starting ApplicationContext. To display the condition evaluation report re-run your application with 'debug' enabled."}
{"timestamp":"2025-03-28 20:03:35","level":"ERROR","thread_name":"main","logger":"o.s.b.d.LoggingFailureAnalysisReporter","message":"

***************************
APPLICATION FAILED TO START
***************************

Description:

Web server failed to start. Port 8081 was already in use.

Action:

Identify and stop the process that's listening on port 8081 or configure this application to listen on another port.
"}
{"timestamp":"2025-03-28 20:04:04","level":"INFO ","thread_name":"background-preinit","logger":"o.h.validator.internal.util.Version","message":"HV000001: Hibernate Validator 8.0.1.Final"}
{"timestamp":"2025-03-28 20:04:04","level":"INFO ","thread_name":"main","logger":"c.interswitch.users.UsersApplication","message":"Starting UsersApplication v0.0.1-SNAPSHOT using Java 17.0.6 with PID 23812 (C:\user-api\users-0.0.1-SNAPSHOT.jar started by ISW-230504-1263$ in C:\user-api)"}
{"timestamp":"2025-03-28 20:04:04","level":"INFO ","thread_name":"main","logger":"c.interswitch.users.UsersApplication","message":"The following 1 profile is active: "production""}
{"timestamp":"2025-03-28 20:04:08","level":"INFO ","thread_name":"main","logger":"o.s.d.r.c.RepositoryConfigurationDelegate","message":"Multiple Spring Data modules found, entering strict repository configuration mode"}
{"timestamp":"2025-03-28 20:04:08","level":"INFO ","thread_name":"main","logger":"o.s.d.r.c.RepositoryConfigurationDelegate","message":"Bootstrapping Spring Data JDBC repositories in DEFAULT mode."}
{"timestamp":"2025-03-28 20:04:08","level":"INFO ","thread_name":"main","logger":"o.s.d.r.c.RepositoryConfigurationExtensionSupport","message":"Spring Data JDBC - Could not safely identify store assignment for repository candidate interface com.interswitch.users.repository.UserRepository; If you want this repository to be a JDBC repository, consider annotating your entities with one of these annotations: org.springframework.data.relational.core.mapping.Table."}
{"timestamp":"2025-03-28 20:04:08","level":"INFO ","thread_name":"main","logger":"o.s.d.r.c.RepositoryConfigurationDelegate","message":"Finished Spring Data repository scanning in 127 ms. Found 0 JDBC repository interfaces."}
{"timestamp":"2025-03-28 20:04:08","level":"INFO ","thread_name":"main","logger":"o.s.d.r.c.RepositoryConfigurationDelegate","message":"Multiple Spring Data modules found, entering strict repository configuration mode"}
{"timestamp":"2025-03-28 20:04:08","level":"INFO ","thread_name":"main","logger":"o.s.d.r.c.RepositoryConfigurationDelegate","message":"Bootstrapping Spring Data JPA repositories in DEFAULT mode."}
{"timestamp":"2025-03-28 20:04:08","level":"INFO ","thread_name":"main","logger":"o.s.d.r.c.RepositoryConfigurationDelegate","message":"Finished Spring Data repository scanning in 88 ms. Found 1 JPA repository interface."}
{"timestamp":"2025-03-28 20:04:11","level":"INFO ","thread_name":"main","logger":"o.s.b.w.e.tomcat.TomcatWebServer","message":"Tomcat initialized with port 8081 (http)"}
{"timestamp":"2025-03-28 20:04:12","level":"INFO ","thread_name":"main","logger":"o.a.coyote.http11.Http11NioProtocol","message":"Initializing ProtocolHandler ["http-nio-8081"]"}
{"timestamp":"2025-03-28 20:04:12","level":"INFO ","thread_name":"main","logger":"o.a.catalina.core.StandardService","message":"Starting service [Tomcat]"}
{"timestamp":"2025-03-28 20:04:12","level":"INFO ","thread_name":"main","logger":"o.a.catalina.core.StandardEngine","message":"Starting Servlet engine: [Apache Tomcat/10.1.24]"}
{"timestamp":"2025-03-28 20:04:12","level":"INFO ","thread_name":"main","logger":"o.a.c.c.C.[Tomcat].[localhost].[/]","message":"Initializing Spring embedded WebApplicationContext"}
{"timestamp":"2025-03-28 20:04:12","level":"INFO ","thread_name":"main","logger":"o.s.b.w.s.c.ServletWebServerApplicationContext","message":"Root WebApplicationContext: initialization completed in 7510 ms"}
{"timestamp":"2025-03-28 20:04:13","level":"INFO ","thread_name":"main","logger":"o.h.jpa.internal.util.LogHelper","message":"HHH000204: Processing PersistenceUnitInfo [name: default]"}
{"timestamp":"2025-03-28 20:04:13","level":"INFO ","thread_name":"main","logger":"org.hibernate.Version","message":"HHH000412: Hibernate ORM core version 6.5.2.Final"}
{"timestamp":"2025-03-28 20:04:13","level":"INFO ","thread_name":"main","logger":"o.h.c.i.RegionFactoryInitiator","message":"HHH000026: Second-level cache disabled"}
{"timestamp":"2025-03-28 20:04:14","level":"INFO ","thread_name":"main","logger":"o.s.o.j.p.SpringPersistenceUnitInfo","message":"No LoadTimeWeaver setup: ignoring JPA class transformer"}
{"timestamp":"2025-03-28 20:04:14","level":"INFO ","thread_name":"main","logger":"com.zaxxer.hikari.HikariDataSource","message":"HikariPool-1 - Starting..."}
{"timestamp":"2025-03-28 20:04:15","level":"INFO ","thread_name":"main","logger":"com.zaxxer.hikari.pool.HikariPool","message":"HikariPool-1 - Added connection com.mysql.cj.jdbc.ConnectionImpl@7c3c3d67"}
{"timestamp":"2025-03-28 20:04:15","level":"INFO ","thread_name":"main","logger":"com.zaxxer.hikari.HikariDataSource","message":"HikariPool-1 - Start completed."}
{"timestamp":"2025-03-28 20:04:16","level":"WARN ","thread_name":"main","logger":"org.hibernate.orm.deprecation","message":"HHH90000025: MySQL8Dialect does not need to be specified explicitly using 'hibernate.dialect' (remove the property setting and it will be selected by default)"}
{"timestamp":"2025-03-28 20:04:16","level":"WARN ","thread_name":"main","logger":"org.hibernate.orm.deprecation","message":"HHH90000026: MySQL8Dialect has been deprecated; use org.hibernate.dialect.MySQLDialect instead"}
{"timestamp":"2025-03-28 20:04:19","level":"INFO ","thread_name":"main","logger":"o.h.e.t.j.p.i.JtaPlatformInitiator","message":"HHH000489: No JTA platform available (set 'hibernate.transaction.jta.platform' to enable JTA platform integration)"}
{"timestamp":"2025-03-28 20:04:19","level":"INFO ","thread_name":"main","logger":"o.s.o.j.LocalContainerEntityManagerFactoryBean","message":"Initialized JPA EntityManagerFactory for persistence unit 'default'"}
{"timestamp":"2025-03-28 20:04:20","level":"DEBUG","thread_name":"main","logger":"o.s.d.j.repository.query.NamedQuery","message":"Looking up named query User.findByEmail"}
{"timestamp":"2025-03-28 20:04:20","level":"DEBUG","thread_name":"main","logger":"o.s.d.j.repository.query.NamedQuery","message":"Did not find named query User.findByEmail"}
{"timestamp":"2025-03-28 20:04:20","level":"DEBUG","thread_name":"main","logger":"o.s.d.j.repository.query.NamedQuery","message":"Looking up named query User.existsByEmail"}
{"timestamp":"2025-03-28 20:04:20","level":"DEBUG","thread_name":"main","logger":"o.s.d.j.repository.query.NamedQuery","message":"Did not find named query User.existsByEmail"}
{"timestamp":"2025-03-28 20:04:20","level":"DEBUG","thread_name":"main","logger":"o.s.d.j.repository.query.NamedQuery","message":"Looking up named query User.existsByUsername"}
{"timestamp":"2025-03-28 20:04:20","level":"DEBUG","thread_name":"main","logger":"o.s.d.j.repository.query.NamedQuery","message":"Did not find named query User.existsByUsername"}
{"timestamp":"2025-03-28 20:04:20","level":"DEBUG","thread_name":"main","logger":"o.s.d.j.repository.query.NamedQuery","message":"Looking up named query User.findByUsername"}
{"timestamp":"2025-03-28 20:04:20","level":"DEBUG","thread_name":"main","logger":"o.s.d.j.repository.query.NamedQuery","message":"Did not find named query User.findByUsername"}
{"timestamp":"2025-03-28 20:04:24","level":"INFO ","thread_name":"main","logger":"o.a.coyote.http11.Http11NioProtocol","message":"Starting ProtocolHandler ["http-nio-8081"]"}
{"timestamp":"2025-03-28 20:04:25","level":"INFO ","thread_name":"main","logger":"o.s.b.w.e.tomcat.TomcatWebServer","message":"Tomcat started on port 8081 (http) with context path '/'"}
{"timestamp":"2025-03-28 20:04:25","level":"INFO ","thread_name":"main","logger":"c.interswitch.users.UsersApplication","message":"Started UsersApplication in 22.775 seconds (process running for 24.822)"}
{"timestamp":"2025-03-28 20:04:53","level":"INFO ","thread_name":"http-nio-8081-exec-2","logger":"o.a.c.c.C.[Tomcat].[localhost].[/]","message":"Initializing Spring DispatcherServlet 'dispatcherServlet'"}
{"timestamp":"2025-03-28 20:04:53","level":"INFO ","thread_name":"AsynchThread-1","logger":"c.i.users.service.UserService","message":"[ASYNC] Creating user: nyakno_7"}
{"timestamp":"2025-03-28 20:04:53","level":"WARN ","thread_name":"AsynchThread-1","logger":"o.h.e.jdbc.spi.SqlExceptionHelper","message":"SQL Error: 1062, SQLState: 23000"}
{"timestamp":"2025-03-28 20:04:53","level":"ERROR","thread_name":"AsynchThread-1","logger":"o.h.e.jdbc.spi.SqlExceptionHelper","message":"Duplicate entry 'nyaknoefiom@yahoo.com' for key 'users.UK6dotkott2kjsp8vw4d0m25fb7'"}
{"timestamp":"2025-03-28 20:04:53","level":"ERROR","thread_name":"http-nio-8081-exec-2","logger":"o.a.c.c.C.[.[.[.[dispatcherServlet]","message":"Servlet.service() for servlet [dispatcherServlet] in context with path [] threw exception [Request processing failed: java.util.concurrent.ExecutionException: org.springframework.dao.DataIntegrityViolationException: could not execute statement [Duplicate entry 'nyaknoefiom@yahoo.com' for key 'users.UK6dotkott2kjsp8vw4d0m25fb7'] [insert into users (created_at,email,first_name,last_name,password,updated_at,username) values (?,?,?,?,?,?,?)]; SQL [insert into users (created_at,email,first_name,last_name,password,updated_at,username) values (?,?,?,?,?,?,?)]; constraint [users.UK6dotkott2kjsp8vw4d0m25fb7]] with root cause"}
java.sql.SQLIntegrityConstraintViolationException: Duplicate entry 'nyaknoefiom@yahoo.com' for key 'users.UK6dotkott2kjsp8vw4d0m25fb7'
	at com.mysql.cj.jdbc.exceptions.SQLError.createSQLException(SQLError.java:118)
	at com.mysql.cj.jdbc.exceptions.SQLExceptionsMapping.translateException(SQLExceptionsMapping.java:122)
	at com.mysql.cj.jdbc.ClientPreparedStatement.executeInternal(ClientPreparedStatement.java:912)
	at com.mysql.cj.jdbc.ClientPreparedStatement.executeUpdateInternal(ClientPreparedStatement.java:1054)
	at com.mysql.cj.jdbc.ClientPreparedStatement.executeUpdateInternal(ClientPreparedStatement.java:1003)
	at com.mysql.cj.jdbc.ClientPreparedStatement.executeLargeUpdate(ClientPreparedStatement.java:1312)
	at com.mysql.cj.jdbc.ClientPreparedStatement.executeUpdate(ClientPreparedStatement.java:988)
	at com.zaxxer.hikari.pool.ProxyPreparedStatement.executeUpdate(ProxyPreparedStatement.java:61)
	at com.zaxxer.hikari.pool.HikariProxyPreparedStatement.executeUpdate(HikariProxyPreparedStatement.java)
	at org.hibernate.engine.jdbc.internal.ResultSetReturnImpl.executeUpdate(ResultSetReturnImpl.java:194)
	at org.hibernate.id.insert.GetGeneratedKeysDelegate.performMutation(GetGeneratedKeysDelegate.java:116)
	at org.hibernate.engine.jdbc.mutation.internal.MutationExecutorSingleNonBatched.performNonBatchedOperations(MutationExecutorSingleNonBatched.java:47)
	at org.hibernate.engine.jdbc.mutation.internal.AbstractMutationExecutor.execute(AbstractMutationExecutor.java:55)
	at org.hibernate.persister.entity.mutation.InsertCoordinatorStandard.doStaticInserts(InsertCoordinatorStandard.java:194)
	at org.hibernate.persister.entity.mutation.InsertCoordinatorStandard.coordinateInsert(InsertCoordinatorStandard.java:132)
	at org.hibernate.persister.entity.mutation.InsertCoordinatorStandard.insert(InsertCoordinatorStandard.java:95)
	at org.hibernate.action.internal.EntityIdentityInsertAction.execute(EntityIdentityInsertAction.java:85)
	at org.hibernate.engine.spi.ActionQueue.execute(ActionQueue.java:670)
	at org.hibernate.engine.spi.ActionQueue.addResolvedEntityInsertAction(ActionQueue.java:291)
	at org.hibernate.engine.spi.ActionQueue.addInsertAction(ActionQueue.java:272)
	at org.hibernate.engine.spi.ActionQueue.addAction(ActionQueue.java:322)
	at org.hibernate.event.internal.AbstractSaveEventListener.addInsertAction(AbstractSaveEventListener.java:391)
	at org.hibernate.event.internal.AbstractSaveEventListener.performSaveOrReplicate(AbstractSaveEventListener.java:305)
	at org.hibernate.event.internal.AbstractSaveEventListener.performSave(AbstractSaveEventListener.java:224)
	at org.hibernate.event.internal.AbstractSaveEventListener.saveWithGeneratedId(AbstractSaveEventListener.java:137)
	at org.hibernate.event.internal.DefaultPersistEventListener.entityIsTransient(DefaultPersistEventListener.java:175)
	at org.hibernate.event.internal.DefaultPersistEventListener.persist(DefaultPersistEventListener.java:93)
	at org.hibernate.event.internal.DefaultPersistEventListener.onPersist(DefaultPersistEventListener.java:77)
	at org.hibernate.event.internal.DefaultPersistEventListener.onPersist(DefaultPersistEventListener.java:54)
	at org.hibernate.event.service.internal.EventListenerGroupImpl.fireEventOnEachListener(EventListenerGroupImpl.java:127)
	at org.hibernate.internal.SessionImpl.firePersist(SessionImpl.java:757)
	at org.hibernate.internal.SessionImpl.persist(SessionImpl.java:741)
	at java.base/jdk.internal.reflect.NativeMethodAccessorImpl.invoke0(Native Method)
	at java.base/jdk.internal.reflect.NativeMethodAccessorImpl.invoke(NativeMethodAccessorImpl.java:77)
	at java.base/jdk.internal.reflect.DelegatingMethodAccessorImpl.invoke(DelegatingMethodAccessorImpl.java:43)
	at java.base/java.lang.reflect.Method.invoke(Method.java:568)
	at org.springframework.orm.jpa.SharedEntityManagerCreator$SharedEntityManagerInvocationHandler.invoke(SharedEntityManagerCreator.java:319)
	at jdk.proxy2/jdk.proxy2.$Proxy127.persist(Unknown Source)
	at org.springframework.data.jpa.repository.support.SimpleJpaRepository.save(SimpleJpaRepository.java:628)
	at java.base/jdk.internal.reflect.NativeMethodAccessorImpl.invoke0(Native Method)
	at java.base/jdk.internal.reflect.NativeMethodAccessorImpl.invoke(NativeMethodAccessorImpl.java:77)
	at java.base/jdk.internal.reflect.DelegatingMethodAccessorImpl.invoke(DelegatingMethodAccessorImpl.java:43)
	at java.base/java.lang.reflect.Method.invoke(Method.java:568)
	at org.springframework.aop.support.AopUtils.invokeJoinpointUsingReflection(AopUtils.java:354)
	at org.springframework.data.repository.core.support.RepositoryMethodInvoker$RepositoryFragmentMethodInvoker.lambda$new$0(RepositoryMethodInvoker.java:277)
	at org.springframework.data.repository.core.support.RepositoryMethodInvoker.doInvoke(RepositoryMethodInvoker.java:170)
	at org.springframework.data.repository.core.support.RepositoryMethodInvoker.invoke(RepositoryMethodInvoker.java:158)
	at org.springframework.data.repository.core.support.RepositoryComposition$RepositoryFragments.invoke(RepositoryComposition.java:516)
	at org.springframework.data.repository.core.support.RepositoryComposition.invoke(RepositoryComposition.java:285)
	at org.springframework.data.repository.core.support.RepositoryFactorySupport$ImplementationMethodExecutionInterceptor.invoke(RepositoryFactorySupport.java:628)
	at org.springframework.aop.framework.ReflectiveMethodInvocation.proceed(ReflectiveMethodInvocation.java:184)
	at org.springframework.data.repository.core.support.QueryExecutorMethodInterceptor.doInvoke(QueryExecutorMethodInterceptor.java:168)
	at org.springframework.data.repository.core.support.QueryExecutorMethodInterceptor.invoke(QueryExecutorMethodInterceptor.java:143)
	at org.springframework.aop.framework.ReflectiveMethodInvocation.proceed(ReflectiveMethodInvocation.java:184)
	at org.springframework.data.projection.DefaultMethodInvokingMethodInterceptor.invoke(DefaultMethodInvokingMethodInterceptor.java:70)
	at org.springframework.aop.framework.ReflectiveMethodInvocation.proceed(ReflectiveMethodInvocation.java:184)
	at org.springframework.transaction.interceptor.TransactionInterceptor$1.proceedWithInvocation(TransactionInterceptor.java:123)
	at org.springframework.transaction.interceptor.TransactionAspectSupport.invokeWithinTransaction(TransactionAspectSupport.java:392)
	at org.springframework.transaction.interceptor.TransactionInterceptor.invoke(TransactionInterceptor.java:119)
	at org.springframework.aop.framework.ReflectiveMethodInvocation.proceed(ReflectiveMethodInvocation.java:184)
	at org.springframework.dao.support.PersistenceExceptionTranslationInterceptor.invoke(PersistenceExceptionTranslationInterceptor.java:137)
	at org.springframework.aop.framework.ReflectiveMethodInvocation.proceed(ReflectiveMethodInvocation.java:184)
	at org.springframework.data.jpa.repository.support.CrudMethodMetadataPostProcessor$CrudMethodMetadataPopulatingMethodInterceptor.invoke(CrudMethodMetadataPostProcessor.java:165)
	at org.springframework.aop.framework.ReflectiveMethodInvocation.proceed(ReflectiveMethodInvocation.java:184)
	at org.springframework.aop.interceptor.ExposeInvocationInterceptor.invoke(ExposeInvocationInterceptor.java:97)
	at org.springframework.aop.framework.ReflectiveMethodInvocation.proceed(ReflectiveMethodInvocation.java:184)
	at org.springframework.aop.framework.JdkDynamicAopProxy.invoke(JdkDynamicAopProxy.java:223)
	at jdk.proxy2/jdk.proxy2.$Proxy131.save(Unknown Source)
	at com.interswitch.users.service.UserService.createUser(UserService.java:30)
	at java.base/jdk.internal.reflect.NativeMethodAccessorImpl.invoke0(Native Method)
	at java.base/jdk.internal.reflect.NativeMethodAccessorImpl.invoke(NativeMethodAccessorImpl.java:77)
	at java.base/jdk.internal.reflect.DelegatingMethodAccessorImpl.invoke(DelegatingMethodAccessorImpl.java:43)
	at java.base/java.lang.reflect.Method.invoke(Method.java:568)
	at org.springframework.aop.support.AopUtils.invokeJoinpointUsingReflection(AopUtils.java:354)
	at org.springframework.aop.framework.ReflectiveMethodInvocation.invokeJoinpoint(ReflectiveMethodInvocation.java:196)
	at org.springframework.aop.framework.ReflectiveMethodInvocation.proceed(ReflectiveMethodInvocation.java:163)
	at org.springframework.aop.framework.CglibAopProxy$CglibMethodInvocation.proceed(CglibAopProxy.java:768)
	at org.springframework.aop.interceptor.AsyncExecutionInterceptor.lambda$invoke$0(AsyncExecutionInterceptor.java:113)
	at org.springframework.util.concurrent.FutureUtils.lambda$toSupplier$0(FutureUtils.java:74)
	at java.base/java.util.concurrent.CompletableFuture$AsyncSupply.run(CompletableFuture.java:1768)
	at java.base/java.util.concurrent.ThreadPoolExecutor.runWorker(ThreadPoolExecutor.java:1136)
	at java.base/java.util.concurrent.ThreadPoolExecutor$Worker.run(ThreadPoolExecutor.java:635)
	at java.base/java.lang.Thread.run(Thread.java:833)
{"timestamp":"2025-03-28 20:05:42","level":"INFO ","thread_name":"AsynchThread-2","logger":"c.i.users.service.UserService","message":"[ASYNC] Creating user: nyakno_7"}
{"timestamp":"2025-03-28 20:05:42","level":"INFO ","thread_name":"AsynchThread-2","logger":"c.i.users.service.UserService","message":"[ASYNC] User created successfully: nyakno_7"}
{"timestamp":"2025-03-28 20:18:04","level":"INFO ","thread_name":"AsynchThread-3","logger":"c.i.users.service.UserService","message":"[ASYNC] Fetching all users - Page: 0, Size: 10"}
{"timestamp":"2025-03-28 20:18:04","level":"INFO ","thread_name":"AsynchThread-3","logger":"c.i.users.service.UserService","message":"[ASYNC] Found 8 users"}
{"timestamp":"2025-03-28 20:24:44","level":"INFO ","thread_name":"AsynchThread-4","logger":"c.i.users.service.UserService","message":"[ASYNC] Fetching user with username: Nyakno_7"}
{"timestamp":"2025-03-28 20:28:10","level":"INFO ","thread_name":"AsynchThread-5","logger":"c.i.users.service.UserService","message":"[ASYNC] Creating user: nyakno_7"}
{"timestamp":"2025-03-28 20:28:11","level":"ERROR","thread_name":"http-nio-8081-exec-4","logger":"o.a.c.c.C.[.[.[.[dispatcherServlet]","message":"Servlet.service() for servlet [dispatcherServlet] in context with path [] threw exception [Request processing failed: java.util.concurrent.ExecutionException: jakarta.validation.ConstraintViolationException: Validation failed for classes [com.interswitch.users.model.User] during persist time for groups [jakarta.validation.groups.Default, ]
List of constraint violations:[
	ConstraintViolationImpl{interpolatedMessage='First Name is required', propertyPath=firstName, rootBeanClass=class com.interswitch.users.model.User, messageTemplate='First Name is required'}
]] with root cause"}
jakarta.validation.ConstraintViolationException: Validation failed for classes [com.interswitch.users.model.User] during persist time for groups [jakarta.validation.groups.Default, ]
List of constraint violations:[
	ConstraintViolationImpl{interpolatedMessage='First Name is required', propertyPath=firstName, rootBeanClass=class com.interswitch.users.model.User, messageTemplate='First Name is required'}
]
	at org.hibernate.boot.beanvalidation.BeanValidationEventListener.validate(BeanValidationEventListener.java:151)
	at org.hibernate.boot.beanvalidation.BeanValidationEventListener.onPreInsert(BeanValidationEventListener.java:81)
	at org.hibernate.action.internal.EntityIdentityInsertAction.preInsert(EntityIdentityInsertAction.java:201)
	at org.hibernate.action.internal.EntityIdentityInsertAction.execute(EntityIdentityInsertAction.java:79)
	at org.hibernate.engine.spi.ActionQueue.execute(ActionQueue.java:670)
	at org.hibernate.engine.spi.ActionQueue.addResolvedEntityInsertAction(ActionQueue.java:291)
	at org.hibernate.engine.spi.ActionQueue.addInsertAction(ActionQueue.java:272)
	at org.hibernate.engine.spi.ActionQueue.addAction(ActionQueue.java:322)
	at org.hibernate.event.internal.AbstractSaveEventListener.addInsertAction(AbstractSaveEventListener.java:391)
	at org.hibernate.event.internal.AbstractSaveEventListener.performSaveOrReplicate(AbstractSaveEventListener.java:305)
	at org.hibernate.event.internal.AbstractSaveEventListener.performSave(AbstractSaveEventListener.java:224)
	at org.hibernate.event.internal.AbstractSaveEventListener.saveWithGeneratedId(AbstractSaveEventListener.java:137)
	at org.hibernate.event.internal.DefaultPersistEventListener.entityIsTransient(DefaultPersistEventListener.java:175)
	at org.hibernate.event.internal.DefaultPersistEventListener.persist(DefaultPersistEventListener.java:93)
	at org.hibernate.event.internal.DefaultPersistEventListener.onPersist(DefaultPersistEventListener.java:77)
	at org.hibernate.event.internal.DefaultPersistEventListener.onPersist(DefaultPersistEventListener.java:54)
	at org.hibernate.event.service.internal.EventListenerGroupImpl.fireEventOnEachListener(EventListenerGroupImpl.java:127)
	at org.hibernate.internal.SessionImpl.firePersist(SessionImpl.java:757)
	at org.hibernate.internal.SessionImpl.persist(SessionImpl.java:741)
	at java.base/jdk.internal.reflect.NativeMethodAccessorImpl.invoke0(Native Method)
	at java.base/jdk.internal.reflect.NativeMethodAccessorImpl.invoke(NativeMethodAccessorImpl.java:77)
	at java.base/jdk.internal.reflect.DelegatingMethodAccessorImpl.invoke(DelegatingMethodAccessorImpl.java:43)
	at java.base/java.lang.reflect.Method.invoke(Method.java:568)
	at org.springframework.orm.jpa.SharedEntityManagerCreator$SharedEntityManagerInvocationHandler.invoke(SharedEntityManagerCreator.java:319)
	at jdk.proxy2/jdk.proxy2.$Proxy127.persist(Unknown Source)
	at org.springframework.data.jpa.repository.support.SimpleJpaRepository.save(SimpleJpaRepository.java:628)
	at java.base/jdk.internal.reflect.NativeMethodAccessorImpl.invoke0(Native Method)
	at java.base/jdk.internal.reflect.NativeMethodAccessorImpl.invoke(NativeMethodAccessorImpl.java:77)
	at java.base/jdk.internal.reflect.DelegatingMethodAccessorImpl.invoke(DelegatingMethodAccessorImpl.java:43)
	at java.base/java.lang.reflect.Method.invoke(Method.java:568)
	at org.springframework.aop.support.AopUtils.invokeJoinpointUsingReflection(AopUtils.java:354)
	at org.springframework.data.repository.core.support.RepositoryMethodInvoker$RepositoryFragmentMethodInvoker.lambda$new$0(RepositoryMethodInvoker.java:277)
	at org.springframework.data.repository.core.support.RepositoryMethodInvoker.doInvoke(RepositoryMethodInvoker.java:170)
	at org.springframework.data.repository.core.support.RepositoryMethodInvoker.invoke(RepositoryMethodInvoker.java:158)
	at org.springframework.data.repository.core.support.RepositoryComposition$RepositoryFragments.invoke(RepositoryComposition.java:516)
	at org.springframework.data.repository.core.support.RepositoryComposition.invoke(RepositoryComposition.java:285)
	at org.springframework.data.repository.core.support.RepositoryFactorySupport$ImplementationMethodExecutionInterceptor.invoke(RepositoryFactorySupport.java:628)
	at org.springframework.aop.framework.ReflectiveMethodInvocation.proceed(ReflectiveMethodInvocation.java:184)
	at org.springframework.data.repository.core.support.QueryExecutorMethodInterceptor.doInvoke(QueryExecutorMethodInterceptor.java:168)
	at org.springframework.data.repository.core.support.QueryExecutorMethodInterceptor.invoke(QueryExecutorMethodInterceptor.java:143)
	at org.springframework.aop.framework.ReflectiveMethodInvocation.proceed(ReflectiveMethodInvocation.java:184)
	at org.springframework.data.projection.DefaultMethodInvokingMethodInterceptor.invoke(DefaultMethodInvokingMethodInterceptor.java:70)
	at org.springframework.aop.framework.ReflectiveMethodInvocation.proceed(ReflectiveMethodInvocation.java:184)
	at org.springframework.transaction.interceptor.TransactionInterceptor$1.proceedWithInvocation(TransactionInterceptor.java:123)
	at org.springframework.transaction.interceptor.TransactionAspectSupport.invokeWithinTransaction(TransactionAspectSupport.java:392)
	at org.springframework.transaction.interceptor.TransactionInterceptor.invoke(TransactionInterceptor.java:119)
	at org.springframework.aop.framework.ReflectiveMethodInvocation.proceed(ReflectiveMethodInvocation.java:184)
	at org.springframework.dao.support.PersistenceExceptionTranslationInterceptor.invoke(PersistenceExceptionTranslationInterceptor.java:137)
	at org.springframework.aop.framework.ReflectiveMethodInvocation.proceed(ReflectiveMethodInvocation.java:184)
	at org.springframework.data.jpa.repository.support.CrudMethodMetadataPostProcessor$CrudMethodMetadataPopulatingMethodInterceptor.invoke(CrudMethodMetadataPostProcessor.java:165)
	at org.springframework.aop.framework.ReflectiveMethodInvocation.proceed(ReflectiveMethodInvocation.java:184)
	at org.springframework.aop.interceptor.ExposeInvocationInterceptor.invoke(ExposeInvocationInterceptor.java:97)
	at org.springframework.aop.framework.ReflectiveMethodInvocation.proceed(ReflectiveMethodInvocation.java:184)
	at org.springframework.aop.framework.JdkDynamicAopProxy.invoke(JdkDynamicAopProxy.java:223)
	at jdk.proxy2/jdk.proxy2.$Proxy131.save(Unknown Source)
	at com.interswitch.users.service.UserService.createUser(UserService.java:30)
	at java.base/jdk.internal.reflect.NativeMethodAccessorImpl.invoke0(Native Method)
	at java.base/jdk.internal.reflect.NativeMethodAccessorImpl.invoke(NativeMethodAccessorImpl.java:77)
	at java.base/jdk.internal.reflect.DelegatingMethodAccessorImpl.invoke(DelegatingMethodAccessorImpl.java:43)
	at java.base/java.lang.reflect.Method.invoke(Method.java:568)
	at org.springframework.aop.support.AopUtils.invokeJoinpointUsingReflection(AopUtils.java:354)
	at org.springframework.aop.framework.ReflectiveMethodInvocation.invokeJoinpoint(ReflectiveMethodInvocation.java:196)
	at org.springframework.aop.framework.ReflectiveMethodInvocation.proceed(ReflectiveMethodInvocation.java:163)
	at org.springframework.aop.framework.CglibAopProxy$CglibMethodInvocation.proceed(CglibAopProxy.java:768)
	at org.springframework.aop.interceptor.AsyncExecutionInterceptor.lambda$invoke$0(AsyncExecutionInterceptor.java:113)
	at org.springframework.util.concurrent.FutureUtils.lambda$toSupplier$0(FutureUtils.java:74)
	at java.base/java.util.concurrent.CompletableFuture$AsyncSupply.run(CompletableFuture.java:1768)
	at java.base/java.util.concurrent.ThreadPoolExecutor.runWorker(ThreadPoolExecutor.java:1136)
	at java.base/java.util.concurrent.ThreadPoolExecutor$Worker.run(ThreadPoolExecutor.java:635)
	at java.base/java.lang.Thread.run(Thread.java:833)
{"timestamp":"2025-03-28 20:28:45","level":"INFO ","thread_name":"AsynchThread-6","logger":"c.i.users.service.UserService","message":"[ASYNC] Creating user: nyakno_9"}
{"timestamp":"2025-03-28 20:28:45","level":"ERROR","thread_name":"http-nio-8081-exec-6","logger":"o.a.c.c.C.[.[.[.[dispatcherServlet]","message":"Servlet.service() for servlet [dispatcherServlet] in context with path [] threw exception [Request processing failed: java.util.concurrent.ExecutionException: jakarta.validation.ConstraintViolationException: Validation failed for classes [com.interswitch.users.model.User] during persist time for groups [jakarta.validation.groups.Default, ]
List of constraint violations:[
	ConstraintViolationImpl{interpolatedMessage='First Name is required', propertyPath=firstName, rootBeanClass=class com.interswitch.users.model.User, messageTemplate='First Name is required'}
]] with root cause"}
jakarta.validation.ConstraintViolationException: Validation failed for classes [com.interswitch.users.model.User] during persist time for groups [jakarta.validation.groups.Default, ]
List of constraint violations:[
	ConstraintViolationImpl{interpolatedMessage='First Name is required', propertyPath=firstName, rootBeanClass=class com.interswitch.users.model.User, messageTemplate='First Name is required'}
]
	at org.hibernate.boot.beanvalidation.BeanValidationEventListener.validate(BeanValidationEventListener.java:151)
	at org.hibernate.boot.beanvalidation.BeanValidationEventListener.onPreInsert(BeanValidationEventListener.java:81)
	at org.hibernate.action.internal.EntityIdentityInsertAction.preInsert(EntityIdentityInsertAction.java:201)
	at org.hibernate.action.internal.EntityIdentityInsertAction.execute(EntityIdentityInsertAction.java:79)
	at org.hibernate.engine.spi.ActionQueue.execute(ActionQueue.java:670)
	at org.hibernate.engine.spi.ActionQueue.addResolvedEntityInsertAction(ActionQueue.java:291)
	at org.hibernate.engine.spi.ActionQueue.addInsertAction(ActionQueue.java:272)
	at org.hibernate.engine.spi.ActionQueue.addAction(ActionQueue.java:322)
	at org.hibernate.event.internal.AbstractSaveEventListener.addInsertAction(AbstractSaveEventListener.java:391)
	at org.hibernate.event.internal.AbstractSaveEventListener.performSaveOrReplicate(AbstractSaveEventListener.java:305)
	at org.hibernate.event.internal.AbstractSaveEventListener.performSave(AbstractSaveEventListener.java:224)
	at org.hibernate.event.internal.AbstractSaveEventListener.saveWithGeneratedId(AbstractSaveEventListener.java:137)
	at org.hibernate.event.internal.DefaultPersistEventListener.entityIsTransient(DefaultPersistEventListener.java:175)
	at org.hibernate.event.internal.DefaultPersistEventListener.persist(DefaultPersistEventListener.java:93)
	at org.hibernate.event.internal.DefaultPersistEventListener.onPersist(DefaultPersistEventListener.java:77)
	at org.hibernate.event.internal.DefaultPersistEventListener.onPersist(DefaultPersistEventListener.java:54)
	at org.hibernate.event.service.internal.EventListenerGroupImpl.fireEventOnEachListener(EventListenerGroupImpl.java:127)
	at org.hibernate.internal.SessionImpl.firePersist(SessionImpl.java:757)
	at org.hibernate.internal.SessionImpl.persist(SessionImpl.java:741)
	at java.base/jdk.internal.reflect.NativeMethodAccessorImpl.invoke0(Native Method)
	at java.base/jdk.internal.reflect.NativeMethodAccessorImpl.invoke(NativeMethodAccessorImpl.java:77)
	at java.base/jdk.internal.reflect.DelegatingMethodAccessorImpl.invoke(DelegatingMethodAccessorImpl.java:43)
	at java.base/java.lang.reflect.Method.invoke(Method.java:568)
	at org.springframework.orm.jpa.SharedEntityManagerCreator$SharedEntityManagerInvocationHandler.invoke(SharedEntityManagerCreator.java:319)
	at jdk.proxy2/jdk.proxy2.$Proxy127.persist(Unknown Source)
	at org.springframework.data.jpa.repository.support.SimpleJpaRepository.save(SimpleJpaRepository.java:628)
	at java.base/jdk.internal.reflect.NativeMethodAccessorImpl.invoke0(Native Method)
	at java.base/jdk.internal.reflect.NativeMethodAccessorImpl.invoke(NativeMethodAccessorImpl.java:77)
	at java.base/jdk.internal.reflect.DelegatingMethodAccessorImpl.invoke(DelegatingMethodAccessorImpl.java:43)
	at java.base/java.lang.reflect.Method.invoke(Method.java:568)
	at org.springframework.aop.support.AopUtils.invokeJoinpointUsingReflection(AopUtils.java:354)
	at org.springframework.data.repository.core.support.RepositoryMethodInvoker$RepositoryFragmentMethodInvoker.lambda$new$0(RepositoryMethodInvoker.java:277)
	at org.springframework.data.repository.core.support.RepositoryMethodInvoker.doInvoke(RepositoryMethodInvoker.java:170)
	at org.springframework.data.repository.core.support.RepositoryMethodInvoker.invoke(RepositoryMethodInvoker.java:158)
	at org.springframework.data.repository.core.support.RepositoryComposition$RepositoryFragments.invoke(RepositoryComposition.java:516)
	at org.springframework.data.repository.core.support.RepositoryComposition.invoke(RepositoryComposition.java:285)
	at org.springframework.data.repository.core.support.RepositoryFactorySupport$ImplementationMethodExecutionInterceptor.invoke(RepositoryFactorySupport.java:628)
	at org.springframework.aop.framework.ReflectiveMethodInvocation.proceed(ReflectiveMethodInvocation.java:184)
	at org.springframework.data.repository.core.support.QueryExecutorMethodInterceptor.doInvoke(QueryExecutorMethodInterceptor.java:168)
	at org.springframework.data.repository.core.support.QueryExecutorMethodInterceptor.invoke(QueryExecutorMethodInterceptor.java:143)
	at org.springframework.aop.framework.ReflectiveMethodInvocation.proceed(ReflectiveMethodInvocation.java:184)
	at org.springframework.data.projection.DefaultMethodInvokingMethodInterceptor.invoke(DefaultMethodInvokingMethodInterceptor.java:70)
	at org.springframework.aop.framework.ReflectiveMethodInvocation.proceed(ReflectiveMethodInvocation.java:184)
	at org.springframework.transaction.interceptor.TransactionInterceptor$1.proceedWithInvocation(TransactionInterceptor.java:123)
	at org.springframework.transaction.interceptor.TransactionAspectSupport.invokeWithinTransaction(TransactionAspectSupport.java:392)
	at org.springframework.transaction.interceptor.TransactionInterceptor.invoke(TransactionInterceptor.java:119)
	at org.springframework.aop.framework.ReflectiveMethodInvocation.proceed(ReflectiveMethodInvocation.java:184)
	at org.springframework.dao.support.PersistenceExceptionTranslationInterceptor.invoke(PersistenceExceptionTranslationInterceptor.java:137)
	at org.springframework.aop.framework.ReflectiveMethodInvocation.proceed(ReflectiveMethodInvocation.java:184)
	at org.springframework.data.jpa.repository.support.CrudMethodMetadataPostProcessor$CrudMethodMetadataPopulatingMethodInterceptor.invoke(CrudMethodMetadataPostProcessor.java:165)
	at org.springframework.aop.framework.ReflectiveMethodInvocation.proceed(ReflectiveMethodInvocation.java:184)
	at org.springframework.aop.interceptor.ExposeInvocationInterceptor.invoke(ExposeInvocationInterceptor.java:97)
	at org.springframework.aop.framework.ReflectiveMethodInvocation.proceed(ReflectiveMethodInvocation.java:184)
	at org.springframework.aop.framework.JdkDynamicAopProxy.invoke(JdkDynamicAopProxy.java:223)
	at jdk.proxy2/jdk.proxy2.$Proxy131.save(Unknown Source)
	at com.interswitch.users.service.UserService.createUser(UserService.java:30)
	at java.base/jdk.internal.reflect.NativeMethodAccessorImpl.invoke0(Native Method)
	at java.base/jdk.internal.reflect.NativeMethodAccessorImpl.invoke(NativeMethodAccessorImpl.java:77)
	at java.base/jdk.internal.reflect.DelegatingMethodAccessorImpl.invoke(DelegatingMethodAccessorImpl.java:43)
	at java.base/java.lang.reflect.Method.invoke(Method.java:568)
	at org.springframework.aop.support.AopUtils.invokeJoinpointUsingReflection(AopUtils.java:354)
	at org.springframework.aop.framework.ReflectiveMethodInvocation.invokeJoinpoint(ReflectiveMethodInvocation.java:196)
	at org.springframework.aop.framework.ReflectiveMethodInvocation.proceed(ReflectiveMethodInvocation.java:163)
	at org.springframework.aop.framework.CglibAopProxy$CglibMethodInvocation.proceed(CglibAopProxy.java:768)
	at org.springframework.aop.interceptor.AsyncExecutionInterceptor.lambda$invoke$0(AsyncExecutionInterceptor.java:113)
	at org.springframework.util.concurrent.FutureUtils.lambda$toSupplier$0(FutureUtils.java:74)
	at java.base/java.util.concurrent.CompletableFuture$AsyncSupply.run(CompletableFuture.java:1768)
	at java.base/java.util.concurrent.ThreadPoolExecutor.runWorker(ThreadPoolExecutor.java:1136)
	at java.base/java.util.concurrent.ThreadPoolExecutor$Worker.run(ThreadPoolExecutor.java:635)
	at java.base/java.lang.Thread.run(Thread.java:833)
{"timestamp":"2025-03-28 20:28:56","level":"INFO ","thread_name":"AsynchThread-7","logger":"c.i.users.service.UserService","message":"[ASYNC] Creating user: nyakno_9"}
{"timestamp":"2025-03-28 20:28:56","level":"INFO ","thread_name":"AsynchThread-7","logger":"c.i.users.service.UserService","message":"[ASYNC] User created successfully: nyakno_9"}
{"timestamp":"2025-03-28 20:29:47","level":"INFO ","thread_name":"AsynchThread-8","logger":"c.i.users.service.UserService","message":"[ASYNC] Creating user: nyakno_99"}
{"timestamp":"2025-03-28 20:29:47","level":"INFO ","thread_name":"AsynchThread-8","logger":"c.i.users.service.UserService","message":"[ASYNC] User created successfully: nyakno_99"}
{"timestamp":"2025-03-28 20:31:12","level":"INFO ","thread_name":"http-nio-8081-exec-5","logger":"o.s.api.AbstractOpenApiResource","message":"Init duration for springdoc-openapi is: 400 ms"}
{"timestamp":"2025-03-28 20:33:34","level":"INFO ","thread_name":"AsynchThread-9","logger":"c.i.users.service.UserService","message":"[ASYNC] Fetching all users - Page: 0, Size: 10"}
{"timestamp":"2025-03-28 20:33:35","level":"INFO ","thread_name":"AsynchThread-9","logger":"c.i.users.service.UserService","message":"[ASYNC] Found 10 users"}
{"timestamp":"2025-03-28 21:00:12","level":"INFO ","thread_name":"AsynchThread-10","logger":"c.i.users.service.UserService","message":"[ASYNC] Fetching user with username: Nyakno_"}
{"timestamp":"2025-03-28 21:00:12","level":"WARN ","thread_name":"AsynchThread-10","logger":"c.i.users.service.UserService","message":"[ASYNC] User not found: Nyakno_"}
{"timestamp":"2025-03-28 21:00:12","level":"ERROR","thread_name":"http-nio-8081-exec-1","logger":"o.a.c.c.C.[.[.[.[dispatcherServlet]","message":"Servlet.service() for servlet [dispatcherServlet] in context with path [] threw exception [Request processing failed: java.util.concurrent.ExecutionException: java.lang.RuntimeException: User not found] with root cause"}
java.lang.RuntimeException: User not found
	at com.interswitch.users.service.UserService.getUserByUsername(UserService.java:42)
	at java.base/jdk.internal.reflect.NativeMethodAccessorImpl.invoke0(Native Method)
	at java.base/jdk.internal.reflect.NativeMethodAccessorImpl.invoke(NativeMethodAccessorImpl.java:77)
	at java.base/jdk.internal.reflect.DelegatingMethodAccessorImpl.invoke(DelegatingMethodAccessorImpl.java:43)
	at java.base/java.lang.reflect.Method.invoke(Method.java:568)
	at org.springframework.aop.support.AopUtils.invokeJoinpointUsingReflection(AopUtils.java:354)
	at org.springframework.aop.framework.ReflectiveMethodInvocation.invokeJoinpoint(ReflectiveMethodInvocation.java:196)
	at org.springframework.aop.framework.ReflectiveMethodInvocation.proceed(ReflectiveMethodInvocation.java:163)
	at org.springframework.aop.framework.CglibAopProxy$CglibMethodInvocation.proceed(CglibAopProxy.java:768)
	at org.springframework.aop.interceptor.AsyncExecutionInterceptor.lambda$invoke$0(AsyncExecutionInterceptor.java:113)
	at org.springframework.util.concurrent.FutureUtils.lambda$toSupplier$0(FutureUtils.java:74)
	at java.base/java.util.concurrent.CompletableFuture$AsyncSupply.run(CompletableFuture.java:1768)
	at java.base/java.util.concurrent.ThreadPoolExecutor.runWorker(ThreadPoolExecutor.java:1136)
	at java.base/java.util.concurrent.ThreadPoolExecutor$Worker.run(ThreadPoolExecutor.java:635)
	at java.base/java.lang.Thread.run(Thread.java:833)
{"timestamp":"2025-03-28 21:00:35","level":"INFO ","thread_name":"AsynchThread-1","logger":"c.i.users.service.UserService","message":"[ASYNC] Fetching user with username: Nyakno_"}
{"timestamp":"2025-03-28 21:00:35","level":"WARN ","thread_name":"AsynchThread-1","logger":"c.i.users.service.UserService","message":"[ASYNC] User not found: Nyakno_"}
{"timestamp":"2025-03-28 21:00:35","level":"ERROR","thread_name":"http-nio-8081-exec-3","logger":"o.a.c.c.C.[.[.[.[dispatcherServlet]","message":"Servlet.service() for servlet [dispatcherServlet] in context with path [] threw exception [Request processing failed: java.util.concurrent.ExecutionException: java.lang.RuntimeException: User not found] with root cause"}
java.lang.RuntimeException: User not found
	at com.interswitch.users.service.UserService.getUserByUsername(UserService.java:42)
	at java.base/jdk.internal.reflect.NativeMethodAccessorImpl.invoke0(Native Method)
	at java.base/jdk.internal.reflect.NativeMethodAccessorImpl.invoke(NativeMethodAccessorImpl.java:77)
	at java.base/jdk.internal.reflect.DelegatingMethodAccessorImpl.invoke(DelegatingMethodAccessorImpl.java:43)
	at java.base/java.lang.reflect.Method.invoke(Method.java:568)
	at org.springframework.aop.support.AopUtils.invokeJoinpointUsingReflection(AopUtils.java:354)
	at org.springframework.aop.framework.ReflectiveMethodInvocation.invokeJoinpoint(ReflectiveMethodInvocation.java:196)
	at org.springframework.aop.framework.ReflectiveMethodInvocation.proceed(ReflectiveMethodInvocation.java:163)
	at org.springframework.aop.framework.CglibAopProxy$CglibMethodInvocation.proceed(CglibAopProxy.java:768)
	at org.springframework.aop.interceptor.AsyncExecutionInterceptor.lambda$invoke$0(AsyncExecutionInterceptor.java:113)
	at org.springframework.util.concurrent.FutureUtils.lambda$toSupplier$0(FutureUtils.java:74)
	at java.base/java.util.concurrent.CompletableFuture$AsyncSupply.run(CompletableFuture.java:1768)
	at java.base/java.util.concurrent.ThreadPoolExecutor.runWorker(ThreadPoolExecutor.java:1136)
	at java.base/java.util.concurrent.ThreadPoolExecutor$Worker.run(ThreadPoolExecutor.java:635)
	at java.base/java.lang.Thread.run(Thread.java:833)
